<?xml version="1.0" encoding="UTF-8"?>
<!-- Generated by org.testng.reporters.JUnitReportReporter -->
<testsuite skipped="0" hostname="DESKTOP-6B9LPTN" name="pac.ZoomIn" tests="1" failures="0" timestamp="29 Aug 2020 09:03:35 GMT" time="20.381" errors="0">
  <testcase name="zoomIn" time="20.381" classname="pac.ZoomIn"/>
</testsuite> <!-- pac.ZoomIn -->
