<?xml version="1.0" encoding="UTF-8"?>
<!-- Generated by org.testng.reporters.JUnitReportReporter -->
<testsuite skipped="0" hostname="DESKTOP-6B9LPTN" name="pac.Paytm" tests="1" failures="0" timestamp="29 Aug 2020 10:09:47 GMT" time="19.945" errors="0">
  <testcase name="paytm" time="19.945" classname="pac.Paytm"/>
</testsuite> <!-- pac.Paytm -->
