<?xml version="1.0" encoding="UTF-8"?>
<!-- Generated by org.testng.reporters.JUnitReportReporter -->
<testsuite skipped="0" hostname="DESKTOP-6B9LPTN" name="pac.UninstallApp" tests="1" failures="0" timestamp="29 Aug 2020 10:31:47 GMT" time="14.659" errors="0">
  <testcase name="uninstall" time="14.659" classname="pac.UninstallApp"/>
</testsuite> <!-- pac.UninstallApp -->
