<?xml version="1.0" encoding="UTF-8"?>
<!-- Generated by org.testng.reporters.JUnitReportReporter -->
<testsuite skipped="0" hostname="DESKTOP-6B9LPTN" name="pac.DragAndDrop" tests="1" failures="0" timestamp="27 Aug 2020 11:45:04 GMT" time="18.748" errors="1">
  <testcase name="DragAndDrop" time="18.748" classname="pac.DragAndDrop">
    <error type="org.openqa.selenium.WebDriverException" message="com.google.gson.JsonSyntaxException: java.lang.NumberFormatException: Expected an int but was 102.5 at line 1 column 36 path $.params.x (WARNING: The server did not provide any stacktrace information)
Command duration or timeout: 221 milliseconds
Build info: version: &#039;2.53.0&#039;, revision: &#039;35ae25b1534ae328c771e0856c93e187490ca824&#039;, time: &#039;2016-03-15 10:43:46&#039;
System info: host: &#039;DESKTOP-6B9LPTN&#039;, ip: &#039;192.168.182.1&#039;, os.name: &#039;Windows 10&#039;, os.arch: &#039;amd64&#039;, os.version: &#039;10.0&#039;, java.version: &#039;1.8.0_162&#039;
Driver info: io.appium.java_client.android.AndroidDriver
Capabilities [{appPackage=com.mobeta.android.demodslv, statBarHeight=63, noReset=true, viewportRect={top=63, left=0, width=1080, height=2097}, deviceName=73db044e, UDID=73db044e, platform=LINUX, deviceUDID=73db044e, desired={appPackage=com.mobeta.android.demodslv, appActivity=.Launcher, noReset=true, platformVersion=10, automationName=Appium, platformName=Android, deviceName=OnePlus 5T, UDID=73db044e}, platformVersion=10, webStorageEnabled=false, automationName=Appium, takesScreenshot=true, javascriptEnabled=true, platformName=Android, deviceApiLevel=29, deviceManufacturer=OnePlus, deviceScreenSize=1080x2160, networkConnectionEnabled=true, warnings={}, databaseEnabled=false, appActivity=.Launcher, pixelRatio=2.625, locationContextEnabled=false, deviceScreenDensity=420, deviceModel=ONEPLUS A5010}]
Session ID: 15a8f956-5b1b-48d7-b872-063c4fabf763">
      <![CDATA[org.openqa.selenium.WebDriverException: com.google.gson.JsonSyntaxException: java.lang.NumberFormatException: Expected an int but was 102.5 at line 1 column 36 path $.params.x (WARNING: The server did not provide any stacktrace information)
Command duration or timeout: 221 milliseconds
Build info: version: '2.53.0', revision: '35ae25b1534ae328c771e0856c93e187490ca824', time: '2016-03-15 10:43:46'
System info: host: 'DESKTOP-6B9LPTN', ip: '192.168.182.1', os.name: 'Windows 10', os.arch: 'amd64', os.version: '10.0', java.version: '1.8.0_162'
Driver info: io.appium.java_client.android.AndroidDriver
Capabilities [{appPackage=com.mobeta.android.demodslv, statBarHeight=63, noReset=true, viewportRect={top=63, left=0, width=1080, height=2097}, deviceName=73db044e, UDID=73db044e, platform=LINUX, deviceUDID=73db044e, desired={appPackage=com.mobeta.android.demodslv, appActivity=.Launcher, noReset=true, platformVersion=10, automationName=Appium, platformName=Android, deviceName=OnePlus 5T, UDID=73db044e}, platformVersion=10, webStorageEnabled=false, automationName=Appium, takesScreenshot=true, javascriptEnabled=true, platformName=Android, deviceApiLevel=29, deviceManufacturer=OnePlus, deviceScreenSize=1080x2160, networkConnectionEnabled=true, warnings={}, databaseEnabled=false, appActivity=.Launcher, pixelRatio=2.625, locationContextEnabled=false, deviceScreenDensity=420, deviceModel=ONEPLUS A5010}]
Session ID: 15a8f956-5b1b-48d7-b872-063c4fabf763
at sun.reflect.NativeConstructorAccessorImpl.newInstance0(Native Method)
at sun.reflect.NativeConstructorAccessorImpl.newInstance(Unknown Source)
at sun.reflect.DelegatingConstructorAccessorImpl.newInstance(Unknown Source)
at java.lang.reflect.Constructor.newInstance(Unknown Source)
at org.openqa.selenium.remote.ErrorHandler.createThrowable(ErrorHandler.java:206)
at org.openqa.selenium.remote.ErrorHandler.throwIfResponseFailed(ErrorHandler.java:158)
at org.openqa.selenium.remote.RemoteWebDriver.execute(RemoteWebDriver.java:678)
at io.appium.java_client.DefaultGenericMobileDriver.execute(DefaultGenericMobileDriver.java:51)
at io.appium.java_client.AppiumDriver.execute(AppiumDriver.java:1)
at io.appium.java_client.android.AndroidDriver.execute(AndroidDriver.java:1)
at io.appium.java_client.AppiumDriver.performTouchAction(AppiumDriver.java:369)
at io.appium.java_client.TouchAction.perform(TouchAction.java:323)
at pac.DragAndDrop.DragAndDrop(DragAndDrop.java:42)
at sun.reflect.NativeMethodAccessorImpl.invoke0(Native Method)
at sun.reflect.NativeMethodAccessorImpl.invoke(Unknown Source)
at sun.reflect.DelegatingMethodAccessorImpl.invoke(Unknown Source)
at java.lang.reflect.Method.invoke(Unknown Source)
at org.testng.internal.MethodInvocationHelper.invokeMethod(MethodInvocationHelper.java:124)
at org.testng.internal.Invoker.invokeMethod(Invoker.java:583)
at org.testng.internal.Invoker.invokeTestMethod(Invoker.java:719)
at org.testng.internal.Invoker.invokeTestMethods(Invoker.java:989)
at org.testng.internal.TestMethodWorker.invokeTestMethods(TestMethodWorker.java:125)
at org.testng.internal.TestMethodWorker.run(TestMethodWorker.java:109)
at org.testng.TestRunner.privateRun(TestRunner.java:648)
at org.testng.TestRunner.run(TestRunner.java:505)
at org.testng.SuiteRunner.runTest(SuiteRunner.java:455)
at org.testng.SuiteRunner.runSequentially(SuiteRunner.java:450)
at org.testng.SuiteRunner.privateRun(SuiteRunner.java:415)
at org.testng.SuiteRunner.run(SuiteRunner.java:364)
at org.testng.SuiteRunnerWorker.runSuite(SuiteRunnerWorker.java:52)
at org.testng.SuiteRunnerWorker.run(SuiteRunnerWorker.java:84)
at org.testng.TestNG.runSuitesSequentially(TestNG.java:1208)
at org.testng.TestNG.runSuitesLocally(TestNG.java:1137)
at org.testng.TestNG.runSuites(TestNG.java:1049)
at org.testng.TestNG.run(TestNG.java:1017)
at org.testng.remote.AbstractRemoteTestNG.run(AbstractRemoteTestNG.java:114)
at org.testng.remote.RemoteTestNG.initAndRun(RemoteTestNG.java:251)
at org.testng.remote.RemoteTestNG.main(RemoteTestNG.java:77)
]]>
    </error>
  </testcase> <!-- DragAndDrop -->
</testsuite> <!-- pac.DragAndDrop -->
