<?xml version="1.0" encoding="UTF-8"?>
<!-- Generated by org.testng.reporters.JUnitReportReporter -->
<testsuite skipped="0" hostname="DESKTOP-6B9LPTN" name="pac.ApiDemo" tests="1" failures="0" timestamp="28 Aug 2020 06:24:00 GMT" time="26.686" errors="0">
  <testcase name="ApiDemo" time="26.686" classname="pac.ApiDemo"/>
</testsuite> <!-- pac.ApiDemo -->
