<?xml version="1.0" encoding="UTF-8"?>
<!-- Generated by org.testng.reporters.JUnitReportReporter -->
<testsuite skipped="0" hostname="DESKTOP-6B9LPTN" name="pac.Camera" tests="1" failures="0" timestamp="29 Aug 2020 06:47:01 GMT" time="19.526" errors="0">
  <testcase name="cam" time="19.526" classname="pac.Camera"/>
</testsuite> <!-- pac.Camera -->
