<?xml version="1.0" encoding="UTF-8"?>
<!-- Generated by org.testng.reporters.JUnitReportReporter -->
<testsuite skipped="0" hostname="DESKTOP-6B9LPTN" name="pac.NotificationRemainder" tests="1" failures="0" timestamp="29 Aug 2020 07:31:25 GMT" time="12.953" errors="0">
  <testcase name="notification" time="12.953" classname="pac.NotificationRemainder"/>
</testsuite> <!-- pac.NotificationRemainder -->
