<?xml version="1.0" encoding="UTF-8"?>
<!-- Generated by org.testng.reporters.JUnitReportReporter -->
<testsuite skipped="0" hostname="DESKTOP-6B9LPTN" name="pac.SwitchBetweenApps" tests="1" failures="0" timestamp="29 Aug 2020 09:04:17 GMT" time="26.491" errors="0">
  <testcase name="switchApps" time="26.491" classname="pac.SwitchBetweenApps"/>
</testsuite> <!-- pac.SwitchBetweenApps -->
